# MapR configuration file to be used by automated
# provisioning script deploy-mapr-ami.sh.
#	NOTE: make sure NODE_PREFIX matches the setting below !!!
#
# Multi master mega cluster ... 10 nodes with distributed cldb/zk/rm 
#	+ arbitrary number of data nodes
#
# nodemanager on all nodes
#	resource manager isolated from zookeeper
#	history server isolated from resource managers
#
MAPRNODE0:zookeeper,cldb,fileserver,nodemanager,nfs,hbase,webserver
MAPRNODE1:zookeeper,cldb,fileserver,nodemanager,nfs,hbase
MAPRNODE2:zookeeper,cldb,fileserver,nodemanager,nfs,hbase
MAPRNODE3:resourcemanager,fileserver,nodemanager,nfs,hbase
MAPRNODE4:resourcemanager,fileserver,nodemanager,nfs,hbase
MAPRNODE5:historyserver,fileserver,nodemanager,nfs,hbase,webserver
MAPRNODE6:fileserver,nodemanager,nfs,hbase
MAPRNODE7:fileserver,nodemanager,nfs,hbase
MAPRNODE8:fileserver,nodemanager,nfs,hbase
MAPRNODE9:fileserver,nodemanager,nfs,hbase
MAPRNODEn:fileserver,nodemanager,nfs,hbase

